<?xml version="1.0" encoding="UTF-8"?>
<!-- Generated by org.testng.reporters.JUnitReportReporter -->
<testsuite hostname="ELDER-19" failures="0" tests="1" name="pages.Broadcasts" time="16.046" errors="0" timestamp="2022-07-21T17:57:40 EEST" skipped="0">
  <testcase classname="pages.Broadcasts" name="messageRecipients" time="16.046"/>
  <system-out/>
</testsuite> <!-- pages.Broadcasts -->
